# JRE version: Java(TM) SE Runtime Environment (16.0.2+7) (build 16.0.2+7-67)
# Java VM: Java HotSpot(TM) 64-Bit Server VM (16.0.2+7-67, mixed mode, sharing, tiered, compressed oops, compressed class ptrs, g1 gc, windows-amd64)
GC Precious Log:
 CPUs: 16 total, 16 available
 Memory: 15734M
 Large Page Support: Disabled
 NUMA Support: Disabled
 Compressed Oops: Enabled (Zero based)
 Heap Region Size: 2M
 Heap Min Capacity: 8M
 Heap Initial Capacity: 246M
 Heap Max Capacity: 3934M
 Pre-touch: Disabled
 Parallel Workers: 13
 Concurrent Workers: 3
 Concurrent Refinement Workers: 13
 Periodic GC: Disabled
Heap:
 garbage-first heap   total 600064K, used 318955K [0x000000070a200000, 0x0000000800000000)
  region size 2048K, 0 young (0K), 0 survivors (0K)
 Metaspace       used 1070K, committed 1280K, reserved 1056768K
  class space    used 76K, committed 192K, reserved 1048576K
GC Heap History (20 events):
Event: 9.221 GC heap after
{Heap after GC invocations=120 (full 0):
 garbage-first heap   total 595968K, used 245224K [0x000000070a200000, 0x0000000800000000)
  region size 2048K, 1 young (2048K), 1 survivors (2048K)
 Metaspace       used 1070K, committed 1280K, reserved 1056768K
  class space    used 76K, committed 192K, reserved 1048576K
}
Event: 9.309 GC heap before
{Heap before GC invocations=120 (full 0):
 garbage-first heap   total 595968K, used 529896K [0x000000070a200000, 0x0000000800000000)
  region size 2048K, 140 young (286720K), 1 survivors (2048K)
 Metaspace       used 1070K, committed 1280K, reserved 1056768K
  class space    used 76K, committed 192K, reserved 1048576K
}
Event: 9.310 GC heap after
{Heap after GC invocations=121 (full 0):
 garbage-first heap   total 595968K, used 245224K [0x000000070a200000, 0x0000000800000000)
  region size 2048K, 1 young (2048K), 1 survivors (2048K)
 Metaspace       used 1070K, committed 1280K, reserved 1056768K
  class space    used 76K, committed 192K, reserved 1048576K
}
Event: 9.398 GC heap before
{Heap before GC invocations=121 (full 0):
 garbage-first heap   total 595968K, used 529896K [0x000000070a200000, 0x0000000800000000)
  region size 2048K, 140 young (286720K), 1 survivors (2048K)
 Metaspace       used 1070K, committed 1280K, reserved 1056768K
  class space    used 76K, committed 192K, reserved 1048576K
}
Event: 9.398 GC heap after
{Heap after GC invocations=122 (full 0):
 garbage-first heap   total 595968K, used 245224K [0x000000070a200000, 0x0000000800000000)
  region size 2048K, 1 young (2048K), 1 survivors (2048K)
 Metaspace       used 1070K, committed 1280K, reserved 1056768K
  class space    used 76K, committed 192K, reserved 1048576K
}
Event: 9.408 GC heap before
{Heap before GC invocations=122 (full 0):
 garbage-first heap   total 595968K, used 273896K [0x000000070a200000, 0x0000000800000000)
  region size 2048K, 16 young (32768K), 1 survivors (2048K)
 Metaspace       used 1070K, committed 1280K, reserved 1056768K
  class space    used 76K, committed 192K, reserved 1048576K
}
Event: 9.408 GC heap after
{Heap after GC invocations=123 (full 0):
 garbage-first heap   total 595968K, used 245224K [0x000000070a200000, 0x0000000800000000)
  region size 2048K, 1 young (2048K), 1 survivors (2048K)
 Metaspace       used 1070K, committed 1280K, reserved 1056768K
  class space    used 76K, committed 192K, reserved 1048576K
}
Event: 9.487 GC heap before
{Heap before GC invocations=123 (full 0):
 garbage-first heap   total 595968K, used 593384K [0x000000070a200000, 0x0000000800000000)
  region size 2048K, 98 young (200704K), 1 survivors (2048K)
 Metaspace       used 1070K, committed 1280K, reserved 1056768K
  class space    used 76K, committed 192K, reserved 1048576K
}
Event: 9.487 GC heap after
{Heap after GC invocations=124 (full 0):
 garbage-first heap   total 600064K, used 318954K [0x000000070a200000, 0x0000000800000000)
  region size 2048K, 1 young (2048K), 1 survivors (2048K)
 Metaspace       used 1070K, committed 1280K, reserved 1056768K
  class space    used 76K, committed 192K, reserved 1048576K
}
Event: 9.556 GC heap before
{Heap before GC invocations=124 (full 0):
 garbage-first heap   total 600064K, used 531946K [0x000000070a200000, 0x0000000800000000)
  region size 2048K, 105 young (215040K), 1 survivors (2048K)
 Metaspace       used 1070K, committed 1280K, reserved 1056768K
  class space    used 76K, committed 192K, reserved 1048576K
}
Event: 9.556 GC heap after
{Heap after GC invocations=125 (full 0):
 garbage-first heap   total 600064K, used 318955K [0x000000070a200000, 0x0000000800000000)
  region size 2048K, 0 young (0K), 0 survivors (0K)
 Metaspace       used 1070K, committed 1280K, reserved 1056768K
  class space    used 76K, committed 192K, reserved 1048576K
}
Event: 9.627 GC heap before
{Heap before GC invocations=126 (full 0):
 garbage-first heap   total 600064K, used 533995K [0x000000070a200000, 0x0000000800000000)
  region size 2048K, 105 young (215040K), 0 survivors (0K)
 Metaspace       used 1070K, committed 1280K, reserved 1056768K
  class space    used 76K, committed 192K, reserved 1048576K
}
Event: 9.628 GC heap after
{Heap after GC invocations=127 (full 0):
 garbage-first heap   total 600064K, used 318955K [0x000000070a200000, 0x0000000800000000)
  region size 2048K, 0 young (0K), 0 survivors (0K)
 Metaspace       used 1070K, committed 1280K, reserved 1056768K
  class space    used 76K, committed 192K, reserved 1048576K
}
Event: 9.696 GC heap before
{Heap before GC invocations=127 (full 0):
 garbage-first heap   total 600064K, used 533995K [0x000000070a200000, 0x0000000800000000)
  region size 2048K, 105 young (215040K), 0 survivors (0K)
 Metaspace       used 1070K, committed 1280K, reserved 1056768K
  class space    used 76K, committed 192K, reserved 1048576K
}
Event: 9.697 GC heap after
{Heap after GC invocations=128 (full 0):
 garbage-first heap   total 600064K, used 318955K [0x000000070a200000, 0x0000000800000000)
  region size 2048K, 0 young (0K), 0 survivors (0K)
 Metaspace       used 1070K, committed 1280K, reserved 1056768K
  class space    used 76K, committed 192K, reserved 1048576K
}
Event: 9.765 GC heap before
{Heap before GC invocations=129 (full 0):
 garbage-first heap   total 600064K, used 533995K [0x000000070a200000, 0x0000000800000000)
  region size 2048K, 105 young (215040K), 0 survivors (0K)
 Metaspace       used 1070K, committed 1280K, reserved 1056768K
  class space    used 76K, committed 192K, reserved 1048576K
}
Event: 9.766 GC heap after
{Heap after GC invocations=130 (full 0):
 garbage-first heap   total 600064K, used 318955K [0x000000070a200000, 0x0000000800000000)
  region size 2048K, 0 young (0K), 0 survivors (0K)
 Metaspace       used 1070K, committed 1280K, reserved 1056768K
  class space    used 76K, committed 192K, reserved 1048576K
}
Event: 9.834 GC heap before
{Heap before GC invocations=130 (full 0):
 garbage-first heap   total 600064K, used 533995K [0x000000070a200000, 0x0000000800000000)
  region size 2048K, 105 young (215040K), 0 survivors (0K)
 Metaspace       used 1070K, committed 1280K, reserved 1056768K
  class space    used 76K, committed 192K, reserved 1048576K
}
Event: 9.835 GC heap after
{Heap after GC invocations=131 (full 0):
 garbage-first heap   total 600064K, used 318955K [0x000000070a200000, 0x0000000800000000)
  region size 2048K, 0 young (0K), 0 survivors (0K)
 Metaspace       used 1070K, committed 1280K, reserved 1056768K
  class space    used 76K, committed 192K, reserved 1048576K
}
Event: 9.905 GC heap before
{Heap before GC invocations=132 (full 0):
 garbage-first heap   total 600064K, used 533995K [0x000000070a200000, 0x0000000800000000)
  region size 2048K, 105 young (215040K), 0 survivors (0K)
 Metaspace       used 1070K, committed 1280K, reserved 1056768K
  class space    used 76K, committed 192K, reserved 1048576K
}

